Build started 05.06.2016 06:16:52.
     1>Project "C:\Users\Oana\Desktop\licenta\another try\OpenCVApplication-VS2013\OpenCVApplication.vcxproj" on node 2 (Build target(s)).
     1>ClCompile:
         C:\Program Files (x86)\Microsoft Visual Studio 12.0\VC\bin\CL.exe /c /IOpenCV/Include /ZI /nologo /W3 /WX- /sdl /Od /Oy- /D WIN32 /D _DEBUG /D _CONSOLE /D _CRT_SECURE_NO_WARNINGS /D _MBCS /Gm /EHsc /RTC1 /MDd /GS /fp:precise /Zc:wchar_t /Zc:forScope /Yu"stdafx.h" /Fp"Debug\OpenCVApplication.pch" /Fo"Debug\\" /Fd"Debug\vc120.pdb" /Gd /TP /analyze- /errorReport:prompt OpenCVApplication.cpp
         OpenCVApplication.cpp
     1>c:\users\oana\desktop\licenta\another try\opencvapplication-vs2013\opencvapplication.cpp(40): warning C4018: '<' : signed/unsigned mismatch
     1>c:\users\oana\desktop\licenta\another try\opencvapplication-vs2013\opencvapplication.cpp(41): warning C4018: '<' : signed/unsigned mismatch
     1>c:\users\oana\desktop\licenta\another try\opencvapplication-vs2013\opencvapplication.cpp(42): warning C4244: 'initializing' : conversion from 'double' to 'int', possible loss of data
     1>c:\users\oana\desktop\licenta\another try\opencvapplication-vs2013\opencvapplication.cpp(43): warning C4244: 'initializing' : conversion from 'double' to 'int', possible loss of data
     1>c:\users\oana\desktop\licenta\another try\opencvapplication-vs2013\opencvapplication.cpp(49): warning C4244: '=' : conversion from 'double' to 'uchar', possible loss of data
     1>c:\users\oana\desktop\licenta\another try\opencvapplication-vs2013\opencvapplication.cpp(77): warning C4244: '=' : conversion from 'double' to 'uchar', possible loss of data
     1>c:\users\oana\desktop\licenta\another try\opencvapplication-vs2013\opencvapplication.cpp(79): warning C4244: '=' : conversion from 'double' to 'uchar', possible loss of data
     1>c:\users\oana\desktop\licenta\another try\opencvapplication-vs2013\opencvapplication.cpp(87): warning C4244: 'initializing' : conversion from 'double' to 'int', possible loss of data
     1>c:\users\oana\desktop\licenta\another try\opencvapplication-vs2013\opencvapplication.cpp(128): warning C4244: 'initializing' : conversion from 'double' to 'int', possible loss of data
     1>c:\users\oana\desktop\licenta\another try\opencvapplication-vs2013\opencvapplication.cpp(129): warning C4244: 'initializing' : conversion from 'double' to 'int', possible loss of data
     1>c:\users\oana\desktop\licenta\another try\opencvapplication-vs2013\opencvapplication.cpp(130): warning C4244: 'initializing' : conversion from 'double' to 'int', possible loss of data
     1>c:\users\oana\desktop\licenta\another try\opencvapplication-vs2013\opencvapplication.cpp(131): warning C4244: 'initializing' : conversion from 'double' to 'int', possible loss of data
     1>c:\users\oana\desktop\licenta\another try\opencvapplication-vs2013\opencvapplication.cpp(134): warning C4804: '>' : unsafe use of type 'bool' in operation
     1>c:\users\oana\desktop\licenta\another try\opencvapplication-vs2013\opencvapplication.cpp(140): warning C4804: '>' : unsafe use of type 'bool' in operation
     1>c:\users\oana\desktop\licenta\another try\opencvapplication-vs2013\opencvapplication.cpp(119): warning C4715: 'dirCuantification' : not all control paths return a value
       Link:
         C:\Program Files (x86)\Microsoft Visual Studio 12.0\VC\bin\link.exe /ERRORREPORT:PROMPT /OUT:"C:\Users\Oana\Desktop\licenta\another try\OpenCVApplication-VS2013\Debug\OpenCVApplication.exe" /INCREMENTAL /NOLOGO /LIBPATH:OpenCV/Lib opencv_ts300d.lib opencv_world300d.lib kernel32.lib user32.lib gdi32.lib winspool.lib comdlg32.lib advapi32.lib shell32.lib ole32.lib oleaut32.lib uuid.lib odbc32.lib odbccp32.lib /MANIFEST /MANIFESTUAC:"level='asInvoker' uiAccess='false'" /manifest:embed /DEBUG /PDB:"C:\Users\Oana\Desktop\licenta\another try\OpenCVApplication-VS2013\Debug\OpenCVApplication.pdb" /SUBSYSTEM:CONSOLE /TLBID:1 /DYNAMICBASE /NXCOMPAT /IMPLIB:"C:\Users\Oana\Desktop\licenta\another try\OpenCVApplication-VS2013\Debug\OpenCVApplication.lib" /MACHINE:X86 Debug\common.obj
         Debug\IPM.obj
         Debug\OpenCVApplication.obj
         Debug\stdafx.obj
         OpenCVApplication.vcxproj -> C:\Users\Oana\Desktop\licenta\another try\OpenCVApplication-VS2013\Debug\OpenCVApplication.exe
       PostBuildEvent:
         copy OpenCV\dll\Debug\*.dll Debug
         :VCEnd
         OpenCV\dll\Debug\opencv_ffmpeg300.dll
         OpenCV\dll\Debug\opencv_world300d.dll
                 2 file(s) copied.
     1>Done Building Project "C:\Users\Oana\Desktop\licenta\another try\OpenCVApplication-VS2013\OpenCVApplication.vcxproj" (Build target(s)).

Build succeeded.

Time Elapsed 00:00:19.14
